<?xml version="1.0" encoding="UTF-8"?>
<!-- Generated by org.testng.reporters.JUnitReportReporter -->
<testsuite skipped="0" hostname="Allogogate-PC" name="BDDAutomationAPI.TC001_BDD_GET_User" tests="1" failures="0" timestamp="08 Apr 2021 20:12:06 GMT" time="5.012" errors="0">
  <testcase name="TC001_GET_SingleUser" time="5.012" classname="BDDAutomationAPI.TC001_BDD_GET_User"/>
</testsuite> <!-- BDDAutomationAPI.TC001_BDD_GET_User -->
