<?xml version="1.0" encoding="UTF-8"?>
<!-- Generated by org.testng.reporters.JUnitReportReporter -->
<testsuite skipped="0" hostname="Allogogate-PC" name="TC001_BDD_GET_UserList2" tests="1" failures="0" timestamp="07 Apr 2021 13:35:36 GMT" time="5.772" errors="0">
  <testcase name="TC001_GET_SingleUser" time="5.772" classname="TC001_BDD_GET_UserList2"/>
</testsuite> <!-- TC001_BDD_GET_UserList2 -->
