<?xml version="1.0" encoding="UTF-8"?>
<!-- Generated by org.testng.reporters.JUnitReportReporter -->
<testsuite skipped="0" hostname="Allogogate-PC" name="BDDAutomationAPI.TC2005_Delete" tests="1" failures="0" timestamp="10 Jul 2021 16:06:37 GMT" time="0.153" errors="0">
  <testcase name="delete" time="0.153" classname="BDDAutomationAPI.TC2005_Delete"/>
</testsuite> <!-- BDDAutomationAPI.TC2005_Delete -->
