<?xml version="1.0" encoding="UTF-8"?>
<!-- Generated by org.testng.reporters.JUnitReportReporter -->
<testsuite skipped="0" hostname="Allogogate-PC" name="BDDAutomationAPI.TC2001_Full_Coverage_METHOD" tests="5" failures="0" timestamp="01 Aug 2021 08:16:07 GMT" time="6.282" errors="0">
  <testcase name="TC001_GET_SingleUser" time="1.539" classname="BDDAutomationAPI.TC2001_Full_Coverage_METHOD"/>
  <testcase name="UpdateUser1Patch" time="0.259" classname="BDDAutomationAPI.TC2001_Full_Coverage_METHOD"/>
  <testcase name="CreateUserPost" time="4.131" classname="BDDAutomationAPI.TC2001_Full_Coverage_METHOD"/>
  <testcase name="UpdateUserPut" time="0.191" classname="BDDAutomationAPI.TC2001_Full_Coverage_METHOD"/>
  <testcase name="deleteUser" time="0.162" classname="BDDAutomationAPI.TC2001_Full_Coverage_METHOD"/>
</testsuite> <!-- BDDAutomationAPI.TC2001_Full_Coverage_METHOD -->
