<?xml version="1.0" encoding="UTF-8"?>
<!-- Generated by org.testng.reporters.JUnitReportReporter -->
<testsuite skipped="0" hostname="Allogogate-PC" name="BDDAutomationAPI.CreatePutPatch" tests="5" failures="0" timestamp="10 Jul 2021 16:06:37 GMT" time="0.488" errors="0">
  <testcase name="delete" time="0.166" classname="BDDAutomationAPI.CreatePutPatch"/>
  <testcase name="singleUserGET" time="0.133" classname="BDDAutomationAPI.CreatePutPatch"/>
  <testcase name="updateUserPATCH" time="0.009" classname="BDDAutomationAPI.CreatePutPatch"/>
  <testcase name="updateUserPUT" time="0.005" classname="BDDAutomationAPI.CreatePutPatch"/>
  <testcase name="CreateUser" time="0.175" classname="BDDAutomationAPI.CreatePutPatch"/>
</testsuite> <!-- BDDAutomationAPI.CreatePutPatch -->
