<?xml version="1.0" encoding="UTF-8"?>
<!-- Generated by org.testng.reporters.JUnitReportReporter -->
<testsuite skipped="0" hostname="Allogogate-PC" name="TC001_GET_User" tests="1" failures="0" timestamp="07 Apr 2021 11:00:45 GMT" time="4.226" errors="0">
  <testcase name="TC001_GET_SingleUser" time="4.226" classname="TC001_GET_User"/>
</testsuite> <!-- TC001_GET_User -->
