<?xml version="1.0" encoding="UTF-8"?>
<!-- Generated by org.testng.reporters.JUnitReportReporter -->
<testsuite skipped="0" hostname="Allogogate-PC" name="BDDAutomationAPI2.DataDrivenAPIExample" tests="4" failures="0" timestamp="31 Jul 2021 09:35:59 GMT" time="5.613" errors="0">
  <testcase name="dataDrivenPost" time="0.256" classname="BDDAutomationAPI2.DataDrivenAPIExample"/>
  <testcase name="dataDrivenPost" time="0.284" classname="BDDAutomationAPI2.DataDrivenAPIExample"/>
  <testcase name="dataDrivenPost" time="4.832" classname="BDDAutomationAPI2.DataDrivenAPIExample"/>
  <testcase name="dataDrivenPost" time="0.241" classname="BDDAutomationAPI2.DataDrivenAPIExample"/>
</testsuite> <!-- BDDAutomationAPI2.DataDrivenAPIExample -->
