<?xml version="1.0" encoding="UTF-8"?>
<!-- Generated by org.testng.reporters.JUnitReportReporter -->
<testsuite skipped="0" hostname="Allogogate-PC" name="BDDAutomationAPI.TC2003_PUT_UpdateUser" tests="1" failures="0" timestamp="10 Jul 2021 16:06:37 GMT" time="0.137" errors="0">
  <testcase name="UpdateUserPut" time="0.137" classname="BDDAutomationAPI.TC2003_PUT_UpdateUser"/>
</testsuite> <!-- BDDAutomationAPI.TC2003_PUT_UpdateUser -->
