<?xml version="1.0" encoding="UTF-8"?>
<!-- Generated by org.testng.reporters.JUnitReportReporter -->
<testsuite skipped="0" hostname="Allogogate-PC" name="TC2002_POST_CreateUser" tests="2" failures="0" timestamp="17 Apr 2021 18:06:42 GMT" time="0.497" errors="0">
  <testcase name="delete" time="0.162" classname="TC2002_POST_CreateUser"/>
  <testcase name="createUser" time="0.335" classname="TC2002_POST_CreateUser"/>
</testsuite> <!-- TC2002_POST_CreateUser -->
