<?xml version="1.0" encoding="UTF-8"?>
<!-- Generated by org.testng.reporters.JUnitReportReporter -->
<testsuite skipped="0" hostname="Allogogate-PC" name="BDDAutomationAPI2.DataDrivenAPIExampleDeleteOption" tests="4" failures="0" timestamp="25 Jun 2021 22:12:55 GMT" time="1.163" errors="0">
  <testcase name="dataDrivenPost" time="0.234" classname="BDDAutomationAPI2.DataDrivenAPIExampleDeleteOption"/>
  <testcase name="dataDrivenPost" time="0.280" classname="BDDAutomationAPI2.DataDrivenAPIExampleDeleteOption"/>
  <testcase name="dataDrivenPost" time="0.261" classname="BDDAutomationAPI2.DataDrivenAPIExampleDeleteOption"/>
  <testcase name="dataDrivenPost" time="0.388" classname="BDDAutomationAPI2.DataDrivenAPIExampleDeleteOption"/>
</testsuite> <!-- BDDAutomationAPI2.DataDrivenAPIExampleDeleteOption -->
