<?xml version="1.0" encoding="UTF-8"?>
<!-- Generated by org.testng.reporters.JUnitReportReporter -->
<testsuite skipped="0" hostname="Allogogate-PC" name="BDDAutomationAPI.TC2003_PATCH_UpdateUser" tests="1" failures="0" timestamp="10 Jul 2021 16:06:37 GMT" time="3.716" errors="0">
  <testcase name="UpdateUser1Patch" time="3.716" classname="BDDAutomationAPI.TC2003_PATCH_UpdateUser"/>
</testsuite> <!-- BDDAutomationAPI.TC2003_PATCH_UpdateUser -->
