<?xml version="1.0" encoding="UTF-8"?>
<!-- Generated by org.testng.reporters.JUnitReportReporter -->
<testsuite skipped="0" hostname="Allogogate-PC" name="BDDAutomationAPI.TC2002_POST_CreateUser" tests="2" failures="0" timestamp="10 Jul 2021 16:06:37 GMT" time="0.352" errors="0">
  <testcase name="createUser" time="0.188" classname="BDDAutomationAPI.TC2002_POST_CreateUser"/>
  <testcase name="delete" time="0.164" classname="BDDAutomationAPI.TC2002_POST_CreateUser"/>
</testsuite> <!-- BDDAutomationAPI.TC2002_POST_CreateUser -->
