<?xml version="1.0" encoding="UTF-8"?>
<!-- Generated by org.testng.reporters.JUnitReportReporter -->
<testsuite skipped="0" hostname="Allogogate-PC" name="demo.dataDrivenFramework1" tests="2" failures="0" timestamp="15 Apr 2021 21:20:25 GMT" time="4.256" errors="0">
  <testcase name="CreateUserPost" time="0.200" classname="demo.dataDrivenFramework1"/>
  <testcase name="CreateUserPost" time="4.056" classname="demo.dataDrivenFramework1"/>
</testsuite> <!-- demo.dataDrivenFramework1 -->
