<?xml version="1.0" encoding="UTF-8"?>
<!-- Generated by org.testng.reporters.JUnitReportReporter -->
<testsuite skipped="0" hostname="Allogogate-PC" name="BDDAutomationAPI.TC2002_Delete" tests="1" failures="0" timestamp="08 Apr 2021 21:19:47 GMT" time="3.911" errors="0">
  <testcase name="GET_User" time="3.911" classname="BDDAutomationAPI.TC2002_Delete"/>
</testsuite> <!-- BDDAutomationAPI.TC2002_Delete -->
