<?xml version="1.0" encoding="UTF-8"?>
<!-- Generated by org.testng.reporters.JUnitReportReporter -->
<testsuite skipped="0" hostname="Allogogate-PC" name="BDDAutomationAPI.TC001_BDD_GET_UserList2" tests="1" failures="0" timestamp="08 Apr 2021 20:13:02 GMT" time="5.063" errors="0">
  <testcase name="TC001_GET_SingleUser" time="5.063" classname="BDDAutomationAPI.TC001_BDD_GET_UserList2"/>
</testsuite> <!-- BDDAutomationAPI.TC001_BDD_GET_UserList2 -->
